swiFTPLib/build/outputs/logs/manifest-merger-debug-report.txt
-- Merging decision tree log ---
manifest
ADDED from src\main\AndroidManifest.xml:22:1-102:12
	package
		ADDED from src\main\AndroidManifest.xml:23:5-32
		INJECTED from src\main\AndroidManifest.xml
		INJECTED from src\main\AndroidManifest.xml
	android:versionName
		ADDED from src\main\AndroidManifest.xml:25:5-33
		INJECTED from src\main\AndroidManifest.xml
		INJECTED from src\main\AndroidManifest.xml
	android:versionCode
		ADDED from src\main\AndroidManifest.xml:24:5-32
		INJECTED from src\main\AndroidManifest.xml
		INJECTED from src\main\AndroidManifest.xml
	xmlns:android
		ADDED from src\main\AndroidManifest.xml:22:11-69
uses-permission#android.permission.READ_EXTERNAL_STORAGE
ADDED from src\main\AndroidManifest.xml:27:5-80
	android:name
		ADDED from src\main\AndroidManifest.xml:27:22-77
uses-permission#android.permission.WRITE_EXTERNAL_STORAGE
ADDED from src\main\AndroidManifest.xml:28:5-81
	android:name
		ADDED from src\main\AndroidManifest.xml:28:22-78
uses-permission#android.permission.INTERNET
ADDED from src\main\AndroidManifest.xml:29:5-67
	android:name
		ADDED from src\main\AndroidManifest.xml:29:22-64
uses-permission#android.permission.ACCESS_NETWORK_STATE
ADDED from src\main\AndroidManifest.xml:30:5-79
	android:name
		ADDED from src\main\AndroidManifest.xml:30:22-76
uses-permission#android.permission.ACCESS_WIFI_STATE
ADDED from src\main\AndroidManifest.xml:31:5-76
	android:name
		ADDED from src\main\AndroidManifest.xml:31:22-73
uses-permission#android.permission.WAKE_LOCK
ADDED from src\main\AndroidManifest.xml:32:5-68
	android:name
		ADDED from src\main\AndroidManifest.xml:32:22-65
uses-permission#android.permission.CHANGE_WIFI_STATE
ADDED from src\main\AndroidManifest.xml:33:5-76
	android:name
		ADDED from src\main\AndroidManifest.xml:33:22-73
uses-permission#android.permission.CHANGE_WIFI_MULTICAST_STATE
ADDED from src\main\AndroidManifest.xml:34:5-85
	android:name
		ADDED from src\main\AndroidManifest.xml:34:22-83
uses-sdk
ADDED from src\main\AndroidManifest.xml:36:5-38:41
	android:targetSdkVersion
		ADDED from src\main\AndroidManifest.xml:38:9-38
		INJECTED from src\main\AndroidManifest.xml
		INJECTED from src\main\AndroidManifest.xml
	android:minSdkVersion
		ADDED from src\main\AndroidManifest.xml:37:9-35
		INJECTED from src\main\AndroidManifest.xml
		INJECTED from src\main\AndroidManifest.xml
application
ADDED from src\main\AndroidManifest.xml:40:5-100:19
	android:label
		ADDED from src\main\AndroidManifest.xml:42:9-44
	android:allowBackup
		ADDED from src\main\AndroidManifest.xml:44:9-35
	android:icon
		ADDED from src\main\AndroidManifest.xml:41:9-42
	android:name
		ADDED from src\main\AndroidManifest.xml:43:9-47
activity#be.ppareit.swiftp.gui.FsPreferenceActivity
ADDED from src\main\AndroidManifest.xml:46:9-51:20
	android:name
		ADDED from src\main\AndroidManifest.xml:46:19-76
intent-filter#android.intent.action.MAIN+android.intent.category.LAUNCHER
ADDED from src\main\AndroidManifest.xml:47:13-50:29
action#android.intent.action.MAIN
ADDED from src\main\AndroidManifest.xml:48:17-69
	android:name
		ADDED from src\main\AndroidManifest.xml:48:25-66
category#android.intent.category.LAUNCHER
ADDED from src\main\AndroidManifest.xml:49:17-77
	android:name
		ADDED from src\main\AndroidManifest.xml:49:27-74
service#be.ppareit.swiftp.FsService
ADDED from src\main\AndroidManifest.xml:53:9-63
	android:name
		ADDED from src\main\AndroidManifest.xml:53:18-60
receiver#be.ppareit.swiftp.gui.FsNotification
ADDED from src\main\AndroidManifest.xml:55:9-62:20
	android:exported
		ADDED from src\main\AndroidManifest.xml:57:13-37
	android:name
		ADDED from src\main\AndroidManifest.xml:56:13-64
intent-filter#be.ppareit.swiftp.FTPSERVER_STARTED+be.ppareit.swiftp.FTPSERVER_STOPPED
ADDED from src\main\AndroidManifest.xml:58:13-61:29
action#be.ppareit.swiftp.FTPSERVER_STARTED
ADDED from src\main\AndroidManifest.xml:59:17-78
	android:name
		ADDED from src\main\AndroidManifest.xml:59:25-75
action#be.ppareit.swiftp.FTPSERVER_STOPPED
ADDED from src\main\AndroidManifest.xml:60:17-78
	android:name
		ADDED from src\main\AndroidManifest.xml:60:25-75
service#be.ppareit.swiftp.NsdService
ADDED from src\main\AndroidManifest.xml:64:9-64
	android:name
		ADDED from src\main\AndroidManifest.xml:64:18-61
receiver#be.ppareit.swiftp.NsdService$StartStopReceiver
ADDED from src\main\AndroidManifest.xml:65:9-72:20
	android:exported
		ADDED from src\main\AndroidManifest.xml:67:13-37
	android:name
		ADDED from src\main\AndroidManifest.xml:66:13-74
receiver#be.ppareit.swiftp.RequestStartStopReceiver
ADDED from src\main\AndroidManifest.xml:75:9-82:20
	android:exported
		ADDED from src\main\AndroidManifest.xml:77:13-36
	android:name
		ADDED from src\main\AndroidManifest.xml:76:13-70
intent-filter#be.ppareit.swiftp.ACTION_START_FTPSERVER+be.ppareit.swiftp.ACTION_STOP_FTPSERVER
ADDED from src\main\AndroidManifest.xml:78:13-81:29
action#be.ppareit.swiftp.ACTION_START_FTPSERVER
ADDED from src\main\AndroidManifest.xml:79:17-83
	android:name
		ADDED from src\main\AndroidManifest.xml:79:25-80
action#be.ppareit.swiftp.ACTION_STOP_FTPSERVER
ADDED from src\main\AndroidManifest.xml:80:17-82
	android:name
		ADDED from src\main\AndroidManifest.xml:80:25-79
receiver#be.ppareit.swiftp.gui.FsWidgetProvider
ADDED from src\main\AndroidManifest.xml:84:9-97:20
	android:label
		ADDED from src\main\AndroidManifest.xml:86:13-48
	android:exported
		ADDED from src\main\AndroidManifest.xml:88:13-37
	android:icon
		ADDED from src\main\AndroidManifest.xml:85:13-46
	android:name
		ADDED from src\main\AndroidManifest.xml:87:13-66
intent-filter#android.appwidget.action.APPWIDGET_UPDATE+be.ppareit.swiftp.FTPSERVER_STARTED+be.ppareit.swiftp.FTPSERVER_STOPPED
ADDED from src\main\AndroidManifest.xml:89:13-93:29
action#android.appwidget.action.APPWIDGET_UPDATE
ADDED from src\main\AndroidManifest.xml:90:17-84
	android:name
		ADDED from src\main\AndroidManifest.xml:90:25-81
meta-data#android.appwidget.provider
ADDED from src\main\AndroidManifest.xml:94:13-96:55
	android:resource
		ADDED from src\main\AndroidManifest.xml:96:17-52
	android:name
		ADDED from src\main\AndroidManifest.xml:95:17-58
service#be.ppareit.swiftp.gui.FsWidgetProvider$UpdateService
ADDED from src\main\AndroidManifest.xml:98:9-88
	android:name
		ADDED from src\main\AndroidManifest.xml:98:18-85